E:\Viusal Studio\MSBuild\Microsoft\VC\v170\Microsoft.CppBuild.targets(531,5): warning MSB8028: 中间目录(x64\Debug\)包含从另一个项目(Project1.vcxproj)共享的文件。   这会导致错误的清除和重新生成行为。
  源.cpp
D:\Data\Class\个人\作业\程序设计\C语言\Project1\Project1\PasswordTool.h(9,13): warning C4996: 'getch': The POSIX name for this item is deprecated. Instead, use the ISO C and C++ conformant name: _getch. See online help for details.
D:\Data\Class\个人\作业\程序设计\C语言\Project1\Project1\源.cpp(43,12): warning C4996: 'fopen': This function or variable may be unsafe. Consider using fopen_s instead. To disable deprecation, use _CRT_SECURE_NO_WARNINGS. See online help for details.
D:\Data\Class\个人\作业\程序设计\C语言\Project1\Project1\源.cpp(44,8): warning C4996: 'fopen': This function or variable may be unsafe. Consider using fopen_s instead. To disable deprecation, use _CRT_SECURE_NO_WARNINGS. See online help for details.
D:\Data\Class\个人\作业\程序设计\C语言\Project1\Project1\源.cpp(49,7): warning C4996: 'fopen': This function or variable may be unsafe. Consider using fopen_s instead. To disable deprecation, use _CRT_SECURE_NO_WARNINGS. See online help for details.
D:\Data\Class\个人\作业\程序设计\C语言\Project1\Project1\源.cpp(55,17): warning C4996: 'fopen': This function or variable may be unsafe. Consider using fopen_s instead. To disable deprecation, use _CRT_SECURE_NO_WARNINGS. See online help for details.
D:\Data\Class\个人\作业\程序设计\C语言\Project1\Project1\源.cpp(56,13): warning C4996: 'fopen': This function or variable may be unsafe. Consider using fopen_s instead. To disable deprecation, use _CRT_SECURE_NO_WARNINGS. See online help for details.
D:\Data\Class\个人\作业\程序设计\C语言\Project1\Project1\源.cpp(61,12): warning C4996: 'fopen': This function or variable may be unsafe. Consider using fopen_s instead. To disable deprecation, use _CRT_SECURE_NO_WARNINGS. See online help for details.
D:\Data\Class\个人\作业\程序设计\C语言\Project1\Project1\源.cpp(67,14): warning C4996: 'fopen': This function or variable may be unsafe. Consider using fopen_s instead. To disable deprecation, use _CRT_SECURE_NO_WARNINGS. See online help for details.
D:\Data\Class\个人\作业\程序设计\C语言\Project1\Project1\源.cpp(68,10): warning C4996: 'fopen': This function or variable may be unsafe. Consider using fopen_s instead. To disable deprecation, use _CRT_SECURE_NO_WARNINGS. See online help for details.
D:\Data\Class\个人\作业\程序设计\C语言\Project1\Project1\源.cpp(73,9): warning C4996: 'fopen': This function or variable may be unsafe. Consider using fopen_s instead. To disable deprecation, use _CRT_SECURE_NO_WARNINGS. See online help for details.
D:\Data\Class\个人\作业\程序设计\C语言\Project1\Project1\源.cpp(96,7): warning C4996: 'fopen': This function or variable may be unsafe. Consider using fopen_s instead. To disable deprecation, use _CRT_SECURE_NO_WARNINGS. See online help for details.
D:\Data\Class\个人\作业\程序设计\C语言\Project1\Project1\源.cpp(98,2): warning C4996: 'scanf': This function or variable may be unsafe. Consider using scanf_s instead. To disable deprecation, use _CRT_SECURE_NO_WARNINGS. See online help for details.
D:\Data\Class\个人\作业\程序设计\C语言\Project1\Project1\源.cpp(122,7): warning C4996: 'fopen': This function or variable may be unsafe. Consider using fopen_s instead. To disable deprecation, use _CRT_SECURE_NO_WARNINGS. See online help for details.
D:\Data\Class\个人\作业\程序设计\C语言\Project1\Project1\源.cpp(128,2): warning C4996: 'scanf': This function or variable may be unsafe. Consider using scanf_s instead. To disable deprecation, use _CRT_SECURE_NO_WARNINGS. See online help for details.
D:\Data\Class\个人\作业\程序设计\C语言\Project1\Project1\源.cpp(179,8): warning C4996: 'getch': The POSIX name for this item is deprecated. Instead, use the ISO C and C++ conformant name: _getch. See online help for details.
D:\Data\Class\个人\作业\程序设计\C语言\Project1\Project1\源.cpp(200,8): warning C4996: 'fopen': This function or variable may be unsafe. Consider using fopen_s instead. To disable deprecation, use _CRT_SECURE_NO_WARNINGS. See online help for details.
D:\Data\Class\个人\作业\程序设计\C语言\Project1\Project1\源.cpp(201,8): warning C4996: 'fopen': This function or variable may be unsafe. Consider using fopen_s instead. To disable deprecation, use _CRT_SECURE_NO_WARNINGS. See online help for details.
D:\Data\Class\个人\作业\程序设计\C语言\Project1\Project1\源.cpp(203,3): warning C4996: 'scanf': This function or variable may be unsafe. Consider using scanf_s instead. To disable deprecation, use _CRT_SECURE_NO_WARNINGS. See online help for details.
D:\Data\Class\个人\作业\程序设计\C语言\Project1\Project1\源.cpp(216,3): warning C4996: 'scanf': This function or variable may be unsafe. Consider using scanf_s instead. To disable deprecation, use _CRT_SECURE_NO_WARNINGS. See online help for details.
D:\Data\Class\个人\作业\程序设计\C语言\Project1\Project1\源.cpp(217,8): warning C4996: 'fopen': This function or variable may be unsafe. Consider using fopen_s instead. To disable deprecation, use _CRT_SECURE_NO_WARNINGS. See online help for details.
D:\Data\Class\个人\作业\程序设计\C语言\Project1\Project1\源.cpp(218,3): warning C4996: 'strcpy': This function or variable may be unsafe. Consider using strcpy_s instead. To disable deprecation, use _CRT_SECURE_NO_WARNINGS. See online help for details.
D:\Data\Class\个人\作业\程序设计\C语言\Project1\Project1\源.cpp(221,3): warning C4996: 'scanf': This function or variable may be unsafe. Consider using scanf_s instead. To disable deprecation, use _CRT_SECURE_NO_WARNINGS. See online help for details.
D:\Data\Class\个人\作业\程序设计\C语言\Project1\Project1\源.cpp(222,3): warning C4996: 'strcpy': This function or variable may be unsafe. Consider using strcpy_s instead. To disable deprecation, use _CRT_SECURE_NO_WARNINGS. See online help for details.
D:\Data\Class\个人\作业\程序设计\C语言\Project1\Project1\源.cpp(227,8): warning C4996: 'fopen': This function or variable may be unsafe. Consider using fopen_s instead. To disable deprecation, use _CRT_SECURE_NO_WARNINGS. See online help for details.
D:\Data\Class\个人\作业\程序设计\C语言\Project1\Project1\源.cpp(237,8): warning C4996: 'fopen': This function or variable may be unsafe. Consider using fopen_s instead. To disable deprecation, use _CRT_SECURE_NO_WARNINGS. See online help for details.
D:\Data\Class\个人\作业\程序设计\C语言\Project1\Project1\源.cpp(238,13): warning C4996: 'fopen': This function or variable may be unsafe. Consider using fopen_s instead. To disable deprecation, use _CRT_SECURE_NO_WARNINGS. See online help for details.
D:\Data\Class\个人\作业\程序设计\C语言\Project1\Project1\源.cpp(240,3): warning C4996: 'scanf': This function or variable may be unsafe. Consider using scanf_s instead. To disable deprecation, use _CRT_SECURE_NO_WARNINGS. See online help for details.
D:\Data\Class\个人\作业\程序设计\C语言\Project1\Project1\源.cpp(243,6): warning C4996: 'strcpy': This function or variable may be unsafe. Consider using strcpy_s instead. To disable deprecation, use _CRT_SECURE_NO_WARNINGS. See online help for details.
D:\Data\Class\个人\作业\程序设计\C语言\Project1\Project1\源.cpp(244,6): warning C4996: 'strcpy': This function or variable may be unsafe. Consider using strcpy_s instead. To disable deprecation, use _CRT_SECURE_NO_WARNINGS. See online help for details.
D:\Data\Class\个人\作业\程序设计\C语言\Project1\Project1\源.cpp(259,13): warning C4996: 'fopen': This function or variable may be unsafe. Consider using fopen_s instead. To disable deprecation, use _CRT_SECURE_NO_WARNINGS. See online help for details.
D:\Data\Class\个人\作业\程序设计\C语言\Project1\Project1\源.cpp(260,8): warning C4996: 'fopen': This function or variable may be unsafe. Consider using fopen_s instead. To disable deprecation, use _CRT_SECURE_NO_WARNINGS. See online help for details.
D:\Data\Class\个人\作业\程序设计\C语言\Project1\Project1\源.cpp(262,3): warning C4996: 'scanf': This function or variable may be unsafe. Consider using scanf_s instead. To disable deprecation, use _CRT_SECURE_NO_WARNINGS. See online help for details.
D:\Data\Class\个人\作业\程序设计\C语言\Project1\Project1\源.cpp(264,3): warning C4996: 'scanf': This function or variable may be unsafe. Consider using scanf_s instead. To disable deprecation, use _CRT_SECURE_NO_WARNINGS. See online help for details.
D:\Data\Class\个人\作业\程序设计\C语言\Project1\Project1\源.cpp(267,5): warning C4996: 'strcpy': This function or variable may be unsafe. Consider using strcpy_s instead. To disable deprecation, use _CRT_SECURE_NO_WARNINGS. See online help for details.
D:\Data\Class\个人\作业\程序设计\C语言\Project1\Project1\源.cpp(268,5): warning C4996: 'strcpy': This function or variable may be unsafe. Consider using strcpy_s instead. To disable deprecation, use _CRT_SECURE_NO_WARNINGS. See online help for details.
D:\Data\Class\个人\作业\程序设计\C语言\Project1\Project1\源.cpp(292,12): warning C4996: 'fopen': This function or variable may be unsafe. Consider using fopen_s instead. To disable deprecation, use _CRT_SECURE_NO_WARNINGS. See online help for details.
D:\Data\Class\个人\作业\程序设计\C语言\Project1\Project1\源.cpp(294,8): warning C4996: 'fopen': This function or variable may be unsafe. Consider using fopen_s instead. To disable deprecation, use _CRT_SECURE_NO_WARNINGS. See online help for details.
D:\Data\Class\个人\作业\程序设计\C语言\Project1\Project1\源.cpp(300,7): warning C4996: 'fopen': This function or variable may be unsafe. Consider using fopen_s instead. To disable deprecation, use _CRT_SECURE_NO_WARNINGS. See online help for details.
D:\Data\Class\个人\作业\程序设计\C语言\Project1\Project1\源.cpp(320,8): warning C4996: 'getch': The POSIX name for this item is deprecated. Instead, use the ISO C and C++ conformant name: _getch. See online help for details.
D:\Data\Class\个人\作业\程序设计\C语言\Project1\Project1\源.cpp(355,3): warning C4996: 'scanf': This function or variable may be unsafe. Consider using scanf_s instead. To disable deprecation, use _CRT_SECURE_NO_WARNINGS. See online help for details.
D:\Data\Class\个人\作业\程序设计\C语言\Project1\Project1\源.cpp(486,15): warning C4244: “参数”: 从“time_t”转换到“unsigned int”，可能丢失数据
D:\Data\Class\个人\作业\程序设计\C语言\Project1\Project1\源.cpp(380,9): warning C4996: 'fopen': This function or variable may be unsafe. Consider using fopen_s instead. To disable deprecation, use _CRT_SECURE_NO_WARNINGS. See online help for details.
D:\Data\Class\个人\作业\程序设计\C语言\Project1\Project1\源.cpp(398,9): warning C4996: 'getch': The POSIX name for this item is deprecated. Instead, use the ISO C and C++ conformant name: _getch. See online help for details.
D:\Data\Class\个人\作业\程序设计\C语言\Project1\Project1\源.cpp(432,2): warning C4996: 'scanf': This function or variable may be unsafe. Consider using scanf_s instead. To disable deprecation, use _CRT_SECURE_NO_WARNINGS. See online help for details.
D:\Data\Class\个人\作业\程序设计\C语言\Project1\Project1\源.cpp(441,5): warning C4996: 'strcpy': This function or variable may be unsafe. Consider using strcpy_s instead. To disable deprecation, use _CRT_SECURE_NO_WARNINGS. See online help for details.
D:\Data\Class\个人\作业\程序设计\C语言\Project1\Project1\源.cpp(444,5): warning C4996: 'strcpy': This function or variable may be unsafe. Consider using strcpy_s instead. To disable deprecation, use _CRT_SECURE_NO_WARNINGS. See online help for details.
D:\Data\Class\个人\作业\程序设计\C语言\Project1\Project1\源.cpp(429,14): warning C4533: "goto Register" 跳过了 "user_temp" 的初始化
D:\Data\Class\个人\作业\程序设计\C语言\Project1\Project1\源.cpp(459,1): message : 参见“Register”的声明
D:\Data\Class\个人\作业\程序设计\C语言\Project1\Project1\源.cpp(429,14): message : 参见“user_temp”的声明
D:\Data\Class\个人\作业\程序设计\C语言\Project1\Project1\源.cpp(467,2): warning C4996: 'scanf': This function or variable may be unsafe. Consider using scanf_s instead. To disable deprecation, use _CRT_SECURE_NO_WARNINGS. See online help for details.
D:\Data\Class\个人\作业\程序设计\C语言\Project1\Project1\源.cpp(494,5): warning C4996: 'scanf': This function or variable may be unsafe. Consider using scanf_s instead. To disable deprecation, use _CRT_SECURE_NO_WARNINGS. See online help for details.
D:\Data\Class\个人\作业\程序设计\C语言\Project1\Project1\源.cpp(508,6): warning C4996: 'strcpy': This function or variable may be unsafe. Consider using strcpy_s instead. To disable deprecation, use _CRT_SECURE_NO_WARNINGS. See online help for details.
D:\Data\Class\个人\作业\程序设计\C语言\Project1\Project1\源.cpp(509,6): warning C4996: 'strcpy': This function or variable may be unsafe. Consider using strcpy_s instead. To disable deprecation, use _CRT_SECURE_NO_WARNINGS. See online help for details.
D:\Data\Class\个人\作业\程序设计\C语言\Project1\Project1\源.cpp(537,10): warning C4996: 'fopen': This function or variable may be unsafe. Consider using fopen_s instead. To disable deprecation, use _CRT_SECURE_NO_WARNINGS. See online help for details.
D:\Data\Class\个人\作业\程序设计\C语言\Project1\Project1\源.cpp(539,8): warning C4996: 'fopen': This function or variable may be unsafe. Consider using fopen_s instead. To disable deprecation, use _CRT_SECURE_NO_WARNINGS. See online help for details.
D:\Data\Class\个人\作业\程序设计\C语言\Project1\Project1\源.cpp(575,9): warning C4996: 'getch': The POSIX name for this item is deprecated. Instead, use the ISO C and C++ conformant name: _getch. See online help for details.
D:\Data\Class\个人\作业\程序设计\C语言\Project1\Project1\源.cpp(604,5): warning C4996: 'strcpy': This function or variable may be unsafe. Consider using strcpy_s instead. To disable deprecation, use _CRT_SECURE_NO_WARNINGS. See online help for details.
D:\Data\Class\个人\作业\程序设计\C语言\Project1\Project1\源.cpp(616,5): warning C4996: 'strcpy': This function or variable may be unsafe. Consider using strcpy_s instead. To disable deprecation, use _CRT_SECURE_NO_WARNINGS. See online help for details.
  Project1.vcxproj -> D:\Data\Class\个人\作业\程序设计\C语言\Project1\x64\Debug\重庆旅游信息管理系统.exe
